<?xml version="1.0" encoding="UTF-8"?>
<testng-results ignored="0" total="1" passed="1" failed="0" skipped="0">
  <reporter-output>
  </reporter-output>
  <suite started-at="2024-10-23T06:30:38 IST" name="Default suite" finished-at="2024-10-23T06:33:06 IST" duration-ms="148487">
    <groups>
    </groups>
    <test started-at="2024-10-23T06:30:38 IST" name="Default test" finished-at="2024-10-23T06:33:06 IST" duration-ms="148487">
      <class name="PackHasSingleClass.CreateFollowUpTask59">
        <test-method signature="createFollowUpMethod()[pri:0, instance:PackHasSingleClass.CreateFollowUpTask59@5b03b9fe]" started-at="2024-10-23T06:30:38 IST" name="createFollowUpMethod" finished-at="2024-10-23T06:33:05 IST" duration-ms="147128" status="PASS">
          <reporter-output>
          </reporter-output>
        </test-method> <!-- createFollowUpMethod -->
        <test-method is-config="true" signature="close()[pri:0, instance:PackHasSingleClass.CreateFollowUpTask59@5b03b9fe]" started-at="2024-10-23T06:33:05 IST" name="close" finished-at="2024-10-23T06:33:06 IST" duration-ms="1327" status="PASS">
          <reporter-output>
          </reporter-output>
        </test-method> <!-- close -->
      </class> <!-- PackHasSingleClass.CreateFollowUpTask59 -->
    </test> <!-- Default test -->
  </suite> <!-- Default suite -->
</testng-results>
